<?xml version="1.0" encoding="UTF-8"?>
<!-- Generated by org.testng.reporters.JUnitReportReporter -->
<testsuite skipped="0" hostname="ATMECSINLT-002" name="com.yatra.testscript.BookingDetails" tests="1" failures="0" timestamp="2019-09-10T20:11:53 IST" time="18.733" errors="0">
  <testcase name="bookingDateDetails" time="18.733" classname="com.yatra.testscript.BookingDetails"/>
</testsuite> <!-- com.yatra.testscript.BookingDetails -->
